<?xml version="1.0" encoding="UTF-8"?>
<!-- Generated by org.testng.reporters.JUnitXMLReporter -->
<testsuite ignored="0" hostname="DESKTOP-MK8307O" failures="0" tests="4" name="Test" time="0.075" errors="0" timestamp="2021-06-01T13:34:48 IST">
  <testcase classname="rahulshettyacademy.MavenJava.AppiumTest" name="IOSApps" time="0.006"/>
  <testcase classname="rahulshettyacademy.MavenJava.AppiumTest" name="NativeAppAndroid" time="0.0"/>
  <testcase classname="rahulshettyacademy.MavenJava.RestAPITest" name="PostJira" time="0.001"/>
  <testcase classname="rahulshettyacademy.MavenJava.RestAPITest" name="deleteTwitter" time="0.001"/>
</testsuite> <!-- Test -->
