<?xml version="1.0" encoding="UTF-8"?>
<testng-results ignored="0" total="4" passed="4" failed="0" skipped="0">
  <reporter-output>
  </reporter-output>
  <suite started-at="2021-06-01T13:34:48 IST" name="Suite" finished-at="2021-06-01T13:34:48 IST" duration-ms="75">
    <groups>
    </groups>
    <test started-at="2021-06-01T13:34:48 IST" name="Test" finished-at="2021-06-01T13:34:48 IST" duration-ms="75">
      <class name="rahulshettyacademy.MavenJava.RestAPITest">
        <test-method signature="PostJira()[pri:0, instance:rahulshettyacademy.MavenJava.RestAPITest@1184ab05]" started-at="2021-06-01T13:34:48 IST" name="PostJira" finished-at="2021-06-01T13:34:48 IST" duration-ms="1" status="PASS">
          <reporter-output>
          </reporter-output>
        </test-method> <!-- PostJira -->
        <test-method signature="deleteTwitter()[pri:0, instance:rahulshettyacademy.MavenJava.RestAPITest@1184ab05]" started-at="2021-06-01T13:34:48 IST" name="deleteTwitter" finished-at="2021-06-01T13:34:48 IST" duration-ms="1" status="PASS">
          <reporter-output>
          </reporter-output>
        </test-method> <!-- deleteTwitter -->
      </class> <!-- rahulshettyacademy.MavenJava.RestAPITest -->
      <class name="rahulshettyacademy.MavenJava.AppiumTest">
        <test-method signature="IOSApps()[pri:0, instance:rahulshettyacademy.MavenJava.AppiumTest@3967e60c]" started-at="2021-06-01T13:34:48 IST" name="IOSApps" finished-at="2021-06-01T13:34:48 IST" duration-ms="6" status="PASS">
          <reporter-output>
          </reporter-output>
        </test-method> <!-- IOSApps -->
        <test-method signature="NativeAppAndroid()[pri:0, instance:rahulshettyacademy.MavenJava.AppiumTest@3967e60c]" started-at="2021-06-01T13:34:48 IST" name="NativeAppAndroid" finished-at="2021-06-01T13:34:48 IST" duration-ms="0" status="PASS">
          <reporter-output>
          </reporter-output>
        </test-method> <!-- NativeAppAndroid -->
      </class> <!-- rahulshettyacademy.MavenJava.AppiumTest -->
    </test> <!-- Test -->
  </suite> <!-- Suite -->
</testng-results>
