<?xml version="1.0" encoding="UTF-8"?>
<testng-results ignored="0" total="2" passed="2" failed="0" skipped="0">
  <reporter-output>
  </reporter-output>
  <suite started-at="2021-05-22T13:11:41 IST" name="Default suite" finished-at="2021-05-22T13:11:41 IST" duration-ms="147">
    <groups>
    </groups>
    <test started-at="2021-05-22T13:11:41 IST" name="Default test" finished-at="2021-05-22T13:11:41 IST" duration-ms="147">
      <class name="rahulshettyacademy.MavenJava.RestAPITest">
        <test-method signature="PostJira()[pri:0, instance:rahulshettyacademy.MavenJava.RestAPITest@56de5251]" started-at="2021-05-22T13:11:41 IST" name="PostJira" finished-at="2021-05-22T13:11:41 IST" duration-ms="20" status="PASS">
          <reporter-output>
          </reporter-output>
        </test-method> <!-- PostJira -->
        <test-method signature="deleteTwitter()[pri:0, instance:rahulshettyacademy.MavenJava.RestAPITest@56de5251]" started-at="2021-05-22T13:11:41 IST" name="deleteTwitter" finished-at="2021-05-22T13:11:41 IST" duration-ms="2" status="PASS">
          <reporter-output>
          </reporter-output>
        </test-method> <!-- deleteTwitter -->
      </class> <!-- rahulshettyacademy.MavenJava.RestAPITest -->
    </test> <!-- Default test -->
  </suite> <!-- Default suite -->
</testng-results>
